# JRE version: OpenJDK Runtime Environment Temurin-21.0.11+10 (21.0.11+10) (build 21.0.11+10-LTS)
# Java VM: OpenJDK 64-Bit Server VM Temurin-21.0.11+10 (21.0.11+10-LTS, mixed mode, sharing, tiered, compressed oops, compressed class ptrs, parallel gc, windows-amd64)
GC Precious Log:
 CardTable entry size: 512
 CPUs: 8 total, 8 available
 Memory: 8097M
 Large Page Support: Disabled
 NUMA Support: Disabled
 Compressed Oops: Enabled (32-bit)
 Alignments: Space 512K, Generation 512K, Heap 2M
 Heap Min Capacity: 100M
 Heap Initial Capacity: 100M
 Heap Max Capacity: 2G
 Pre-touch: Disabled
 Parallel Workers: 8
Heap:
 PSYoungGen      total 22016K, used 19330K [0x00000000d5580000, 0x00000000d6d80000, 0x0000000100000000)
  eden space 21504K, 88% used [0x00000000d5580000,0x00000000d6820820,0x00000000d6a80000)
  from space 512K, 50% used [0x00000000d6a80000,0x00000000d6ac0000,0x00000000d6b00000)
  to   space 1024K, 0% used [0x00000000d6c80000,0x00000000d6c80000,0x00000000d6d80000)
 ParOldGen       total 81920K, used 62758K [0x0000000080000000, 0x0000000085000000, 0x00000000d5580000)
  object space 81920K, 76% used [0x0000000080000000,0x0000000083d49830,0x0000000085000000)
 Metaspace       used 62442K, committed 63808K, reserved 1114112K
  class space    used 6635K, committed 7168K, reserved 1048576K
GC Heap History (20 events):
Event: 12.242 GC heap before
{Heap before GC invocations=67 (full 2):
 PSYoungGen      total 22016K, used 21989K [0x00000000d5580000, 0x00000000d6c80000, 0x0000000100000000)
  eden space 21504K, 100% used [0x00000000d5580000,0x00000000d6a80000,0x00000000d6a80000)
  from space 512K, 94% used [0x00000000d6c00000,0x00000000d6c796b0,0x00000000d6c80000)
  to   space 1024K, 0% used [0x00000000d6a80000,0x00000000d6a80000,0x00000000d6b80000)
 ParOldGen       total 78848K, used 78658K [0x0000000080000000, 0x0000000084d00000, 0x00000000d5580000)
  object space 78848K, 99% used [0x0000000080000000,0x0000000084cd0a58,0x0000000084d00000)
 Metaspace       used 54055K, committed 55360K, reserved 1114112K
  class space    used 5766K, committed 6272K, reserved 1048576K
}
Event: 12.243 GC heap after
{Heap after GC invocations=67 (full 2):
 PSYoungGen      total 22528K, used 608K [0x00000000d5580000, 0x00000000d6c80000, 0x0000000100000000)
  eden space 21504K, 0% used [0x00000000d5580000,0x00000000d5580000,0x00000000d6a80000)
  from space 1024K, 59% used [0x00000000d6a80000,0x00000000d6b18000,0x00000000d6b80000)
  to   space 1024K, 0% used [0x00000000d6b80000,0x00000000d6b80000,0x00000000d6c80000)
 ParOldGen       total 79360K, used 79026K [0x0000000080000000, 0x0000000084d80000, 0x00000000d5580000)
  object space 79360K, 99% used [0x0000000080000000,0x0000000084d2ca58,0x0000000084d80000)
 Metaspace       used 54055K, committed 55360K, reserved 1114112K
  class space    used 5766K, committed 6272K, reserved 1048576K
}
Event: 12.323 GC heap before
{Heap before GC invocations=68 (full 2):
 PSYoungGen      total 22528K, used 22112K [0x00000000d5580000, 0x00000000d6c80000, 0x0000000100000000)
  eden space 21504K, 100% used [0x00000000d5580000,0x00000000d6a80000,0x00000000d6a80000)
  from space 1024K, 59% used [0x00000000d6a80000,0x00000000d6b18000,0x00000000d6b80000)
  to   space 1024K, 0% used [0x00000000d6b80000,0x00000000d6b80000,0x00000000d6c80000)
 ParOldGen       total 79360K, used 79026K [0x0000000080000000, 0x0000000084d80000, 0x00000000d5580000)
  object space 79360K, 99% used [0x0000000080000000,0x0000000084d2ca58,0x0000000084d80000)
 Metaspace       used 54067K, committed 55360K, reserved 1114112K
  class space    used 5766K, committed 6272K, reserved 1048576K
}
Event: 12.324 GC heap after
{Heap after GC invocations=68 (full 2):
 PSYoungGen      total 22528K, used 608K [0x00000000d5580000, 0x00000000d6c80000, 0x0000000100000000)
  eden space 21504K, 0% used [0x00000000d5580000,0x00000000d5580000,0x00000000d6a80000)
  from space 1024K, 59% used [0x00000000d6b80000,0x00000000d6c18000,0x00000000d6c80000)
  to   space 1024K, 0% used [0x00000000d6a80000,0x00000000d6a80000,0x00000000d6b80000)
 ParOldGen       total 79872K, used 79490K [0x0000000080000000, 0x0000000084e00000, 0x00000000d5580000)
  object space 79872K, 99% used [0x0000000080000000,0x0000000084da0a58,0x0000000084e00000)
 Metaspace       used 54067K, committed 55360K, reserved 1114112K
  class space    used 5766K, committed 6272K, reserved 1048576K
}
Event: 12.383 GC heap before
{Heap before GC invocations=69 (full 2):
 PSYoungGen      total 22528K, used 22112K [0x00000000d5580000, 0x00000000d6c80000, 0x0000000100000000)
  eden space 21504K, 100% used [0x00000000d5580000,0x00000000d6a80000,0x00000000d6a80000)
  from space 1024K, 59% used [0x00000000d6b80000,0x00000000d6c18000,0x00000000d6c80000)
  to   space 1024K, 0% used [0x00000000d6a80000,0x00000000d6a80000,0x00000000d6b80000)
 ParOldGen       total 79872K, used 79490K [0x0000000080000000, 0x0000000084e00000, 0x00000000d5580000)
  object space 79872K, 99% used [0x0000000080000000,0x0000000084da0a58,0x0000000084e00000)
 Metaspace       used 54080K, committed 55360K, reserved 1114112K
  class space    used 5766K, committed 6272K, reserved 1048576K
}
Event: 12.385 GC heap after
{Heap after GC invocations=69 (full 2):
 PSYoungGen      total 22528K, used 674K [0x00000000d5580000, 0x00000000d6c80000, 0x0000000100000000)
  eden space 21504K, 0% used [0x00000000d5580000,0x00000000d5580000,0x00000000d6a80000)
  from space 1024K, 65% used [0x00000000d6a80000,0x00000000d6b28800,0x00000000d6b80000)
  to   space 1024K, 0% used [0x00000000d6b80000,0x00000000d6b80000,0x00000000d6c80000)
 ParOldGen       total 80384K, used 79930K [0x0000000080000000, 0x0000000084e80000, 0x00000000d5580000)
  object space 80384K, 99% used [0x0000000080000000,0x0000000084e0ea58,0x0000000084e80000)
 Metaspace       used 54080K, committed 55360K, reserved 1114112K
  class space    used 5766K, committed 6272K, reserved 1048576K
}
Event: 12.561 GC heap before
{Heap before GC invocations=70 (full 2):
 PSYoungGen      total 22528K, used 22115K [0x00000000d5580000, 0x00000000d6c80000, 0x0000000100000000)
  eden space 21504K, 99% used [0x00000000d5580000,0x00000000d6a70760,0x00000000d6a80000)
  from space 1024K, 65% used [0x00000000d6a80000,0x00000000d6b28800,0x00000000d6b80000)
  to   space 1024K, 0% used [0x00000000d6b80000,0x00000000d6b80000,0x00000000d6c80000)
 ParOldGen       total 80384K, used 79930K [0x0000000080000000, 0x0000000084e80000, 0x00000000d5580000)
  object space 80384K, 99% used [0x0000000080000000,0x0000000084e0ea58,0x0000000084e80000)
 Metaspace       used 55849K, committed 57216K, reserved 1114112K
  class space    used 5953K, committed 6464K, reserved 1048576K
}
Event: 12.563 GC heap after
{Heap after GC invocations=70 (full 2):
 PSYoungGen      total 22528K, used 843K [0x00000000d5580000, 0x00000000d6c80000, 0x0000000100000000)
  eden space 21504K, 0% used [0x00000000d5580000,0x00000000d5580000,0x00000000d6a80000)
  from space 1024K, 82% used [0x00000000d6b80000,0x00000000d6c52e58,0x00000000d6c80000)
  to   space 1024K, 0% used [0x00000000d6a80000,0x00000000d6a80000,0x00000000d6b80000)
 ParOldGen       total 80896K, used 80460K [0x0000000080000000, 0x0000000084f00000, 0x00000000d5580000)
  object space 80896K, 99% used [0x0000000080000000,0x0000000084e93258,0x0000000084f00000)
 Metaspace       used 55849K, committed 57216K, reserved 1114112K
  class space    used 5953K, committed 6464K, reserved 1048576K
}
Event: 12.966 GC heap before
{Heap before GC invocations=71 (full 2):
 PSYoungGen      total 22528K, used 22347K [0x00000000d5580000, 0x00000000d6c80000, 0x0000000100000000)
  eden space 21504K, 100% used [0x00000000d5580000,0x00000000d6a80000,0x00000000d6a80000)
  from space 1024K, 82% used [0x00000000d6b80000,0x00000000d6c52e58,0x00000000d6c80000)
  to   space 1024K, 0% used [0x00000000d6a80000,0x00000000d6a80000,0x00000000d6b80000)
 ParOldGen       total 80896K, used 80460K [0x0000000080000000, 0x0000000084f00000, 0x00000000d5580000)
  object space 80896K, 99% used [0x0000000080000000,0x0000000084e93258,0x0000000084f00000)
 Metaspace       used 57210K, committed 58624K, reserved 1114112K
  class space    used 6106K, committed 6656K, reserved 1048576K
}
Event: 12.967 GC heap after
{Heap after GC invocations=71 (full 2):
 PSYoungGen      total 22528K, used 448K [0x00000000d5580000, 0x00000000d6c80000, 0x0000000100000000)
  eden space 21504K, 0% used [0x00000000d5580000,0x00000000d5580000,0x00000000d6a80000)
  from space 1024K, 43% used [0x00000000d6a80000,0x00000000d6af0000,0x00000000d6b80000)
  to   space 1024K, 0% used [0x00000000d6b80000,0x00000000d6b80000,0x00000000d6c80000)
 ParOldGen       total 81408K, used 81190K [0x0000000080000000, 0x0000000084f80000, 0x00000000d5580000)
  object space 81408K, 99% used [0x0000000080000000,0x0000000084f499f0,0x0000000084f80000)
 Metaspace       used 57210K, committed 58624K, reserved 1114112K
  class space    used 6106K, committed 6656K, reserved 1048576K
}
Event: 13.168 GC heap before
{Heap before GC invocations=72 (full 2):
 PSYoungGen      total 22528K, used 14618K [0x00000000d5580000, 0x00000000d6c80000, 0x0000000100000000)
  eden space 21504K, 65% used [0x00000000d5580000,0x00000000d6356b60,0x00000000d6a80000)
  from space 1024K, 43% used [0x00000000d6a80000,0x00000000d6af0000,0x00000000d6b80000)
  to   space 1024K, 0% used [0x00000000d6b80000,0x00000000d6b80000,0x00000000d6c80000)
 ParOldGen       total 81408K, used 81190K [0x0000000080000000, 0x0000000084f80000, 0x00000000d5580000)
  object space 81408K, 99% used [0x0000000080000000,0x0000000084f499f0,0x0000000084f80000)
 Metaspace       used 58374K, committed 59776K, reserved 1114112K
  class space    used 6220K, committed 6784K, reserved 1048576K
}
Event: 13.169 GC heap after
{Heap after GC invocations=72 (full 2):
 PSYoungGen      total 22528K, used 698K [0x00000000d5580000, 0x00000000d6c80000, 0x0000000100000000)
  eden space 21504K, 0% used [0x00000000d5580000,0x00000000d5580000,0x00000000d6a80000)
  from space 1024K, 68% used [0x00000000d6b80000,0x00000000d6c2e870,0x00000000d6c80000)
  to   space 1024K, 0% used [0x00000000d6a80000,0x00000000d6a80000,0x00000000d6b80000)
 ParOldGen       total 81920K, used 81526K [0x0000000080000000, 0x0000000085000000, 0x00000000d5580000)
  object space 81920K, 99% used [0x0000000080000000,0x0000000084f9d9f0,0x0000000085000000)
 Metaspace       used 58374K, committed 59776K, reserved 1114112K
  class space    used 6220K, committed 6784K, reserved 1048576K
}
Event: 13.169 GC heap before
{Heap before GC invocations=73 (full 3):
 PSYoungGen      total 22528K, used 698K [0x00000000d5580000, 0x00000000d6c80000, 0x0000000100000000)
  eden space 21504K, 0% used [0x00000000d5580000,0x00000000d5580000,0x00000000d6a80000)
  from space 1024K, 68% used [0x00000000d6b80000,0x00000000d6c2e870,0x00000000d6c80000)
  to   space 1024K, 0% used [0x00000000d6a80000,0x00000000d6a80000,0x00000000d6b80000)
 ParOldGen       total 81920K, used 81526K [0x0000000080000000, 0x0000000085000000, 0x00000000d5580000)
  object space 81920K, 99% used [0x0000000080000000,0x0000000084f9d9f0,0x0000000085000000)
 Metaspace       used 58374K, committed 59776K, reserved 1114112K
  class space    used 6220K, committed 6784K, reserved 1048576K
}
Event: 13.385 GC heap after
{Heap after GC invocations=73 (full 3):
 PSYoungGen      total 22528K, used 0K [0x00000000d5580000, 0x00000000d6c80000, 0x0000000100000000)
  eden space 21504K, 0% used [0x00000000d5580000,0x00000000d5580000,0x00000000d6a80000)
  from space 1024K, 0% used [0x00000000d6b80000,0x00000000d6b80000,0x00000000d6c80000)
  to   space 1024K, 0% used [0x00000000d6a80000,0x00000000d6a80000,0x00000000d6b80000)
 ParOldGen       total 81920K, used 60194K [0x0000000080000000, 0x0000000085000000, 0x00000000d5580000)
  object space 81920K, 73% used [0x0000000080000000,0x0000000083ac8ad8,0x0000000085000000)
 Metaspace       used 58362K, committed 59776K, reserved 1114112K
  class space    used 6216K, committed 6784K, reserved 1048576K
}
Event: 13.964 GC heap before
{Heap before GC invocations=74 (full 3):
 PSYoungGen      total 22528K, used 21504K [0x00000000d5580000, 0x00000000d6c80000, 0x0000000100000000)
  eden space 21504K, 100% used [0x00000000d5580000,0x00000000d6a80000,0x00000000d6a80000)
  from space 1024K, 0% used [0x00000000d6b80000,0x00000000d6b80000,0x00000000d6c80000)
  to   space 1024K, 0% used [0x00000000d6a80000,0x00000000d6a80000,0x00000000d6b80000)
 ParOldGen       total 81920K, used 60194K [0x0000000080000000, 0x0000000085000000, 0x00000000d5580000)
  object space 81920K, 73% used [0x0000000080000000,0x0000000083ac8ad8,0x0000000085000000)
 Metaspace       used 60223K, committed 61568K, reserved 1114112K
  class space    used 6432K, committed 6976K, reserved 1048576K
}
Event: 13.974 GC heap after
{Heap after GC invocations=74 (full 3):
 PSYoungGen      total 22528K, used 1002K [0x00000000d5580000, 0x00000000d6f80000, 0x0000000100000000)
  eden space 21504K, 0% used [0x00000000d5580000,0x00000000d5580000,0x00000000d6a80000)
  from space 1024K, 97% used [0x00000000d6a80000,0x00000000d6b7a988,0x00000000d6b80000)
  to   space 2560K, 0% used [0x00000000d6d00000,0x00000000d6d00000,0x00000000d6f80000)
 ParOldGen       total 81920K, used 61314K [0x0000000080000000, 0x0000000085000000, 0x00000000d5580000)
  object space 81920K, 74% used [0x0000000080000000,0x0000000083be0898,0x0000000085000000)
 Metaspace       used 60223K, committed 61568K, reserved 1114112K
  class space    used 6432K, committed 6976K, reserved 1048576K
}
Event: 14.161 GC heap before
{Heap before GC invocations=75 (full 3):
 PSYoungGen      total 22528K, used 22506K [0x00000000d5580000, 0x00000000d6f80000, 0x0000000100000000)
  eden space 21504K, 100% used [0x00000000d5580000,0x00000000d6a80000,0x00000000d6a80000)
  from space 1024K, 97% used [0x00000000d6a80000,0x00000000d6b7a988,0x00000000d6b80000)
  to   space 2560K, 0% used [0x00000000d6d00000,0x00000000d6d00000,0x00000000d6f80000)
 ParOldGen       total 81920K, used 61314K [0x0000000080000000, 0x0000000085000000, 0x00000000d5580000)
  object space 81920K, 74% used [0x0000000080000000,0x0000000083be0898,0x0000000085000000)
 Metaspace       used 60621K, committed 62016K, reserved 1114112K
  class space    used 6481K, committed 7040K, reserved 1048576K
}
Event: 14.166 GC heap after
{Heap after GC invocations=75 (full 3):
 PSYoungGen      total 24064K, used 2324K [0x00000000d5580000, 0x00000000d6f80000, 0x0000000100000000)
  eden space 21504K, 0% used [0x00000000d5580000,0x00000000d5580000,0x00000000d6a80000)
  from space 2560K, 90% used [0x00000000d6d00000,0x00000000d6f45058,0x00000000d6f80000)
  to   space 2560K, 0% used [0x00000000d6a80000,0x00000000d6a80000,0x00000000d6d00000)
 ParOldGen       total 81920K, used 62312K [0x0000000080000000, 0x0000000085000000, 0x00000000d5580000)
  object space 81920K, 76% used [0x0000000080000000,0x0000000083cda150,0x0000000085000000)
 Metaspace       used 60621K, committed 62016K, reserved 1114112K
  class space    used 6481K, committed 7040K, reserved 1048576K
}
Event: 14.303 GC heap before
{Heap before GC invocations=76 (full 3):
 PSYoungGen      total 24064K, used 23828K [0x00000000d5580000, 0x00000000d6f80000, 0x0000000100000000)
  eden space 21504K, 100% used [0x00000000d5580000,0x00000000d6a80000,0x00000000d6a80000)
  from space 2560K, 90% used [0x00000000d6d00000,0x00000000d6f45058,0x00000000d6f80000)
  to   space 2560K, 0% used [0x00000000d6a80000,0x00000000d6a80000,0x00000000d6d00000)
 ParOldGen       total 81920K, used 62312K [0x0000000080000000, 0x0000000085000000, 0x00000000d5580000)
  object space 81920K, 76% used [0x0000000080000000,0x0000000083cda150,0x0000000085000000)
 Metaspace       used 60910K, committed 62336K, reserved 1114112K
  class space    used 6497K, committed 7040K, reserved 1048576K
}
Event: 14.305 GC heap after
{Heap after GC invocations=76 (full 3):
 PSYoungGen      total 22016K, used 256K [0x00000000d5580000, 0x00000000d6d80000, 0x0000000100000000)
  eden space 21504K, 0% used [0x00000000d5580000,0x00000000d5580000,0x00000000d6a80000)
  from space 512K, 50% used [0x00000000d6a80000,0x00000000d6ac0000,0x00000000d6b00000)
  to   space 1024K, 0% used [0x00000000d6c80000,0x00000000d6c80000,0x00000000d6d80000)
 ParOldGen       total 81920K, used 62758K [0x0000000080000000, 0x0000000085000000, 0x00000000d5580000)
  object space 81920K, 76% used [0x0000000080000000,0x0000000083d49830,0x0000000085000000)
 Metaspace       used 60910K, committed 62336K, reserved 1114112K
  class space    used 6497K, committed 7040K, reserved 1048576K
}

