# JRE version: OpenJDK Runtime Environment Temurin-21.0.11+10 (21.0.11+10) (build 21.0.11+10-LTS)
# Java VM: OpenJDK 64-Bit Server VM Temurin-21.0.11+10 (21.0.11+10-LTS, mixed mode, sharing, tiered, compressed oops, compressed class ptrs, parallel gc, windows-amd64)
GC Precious Log:
 CardTable entry size: 512
 CPUs: 8 total, 8 available
 Memory: 8097M
 Large Page Support: Disabled
 NUMA Support: Disabled
 Compressed Oops: Enabled (32-bit)
 Alignments: Space 512K, Generation 512K, Heap 2M
 Heap Min Capacity: 100M
 Heap Initial Capacity: 100M
 Heap Max Capacity: 2G
 Pre-touch: Disabled
 Parallel Workers: 8
Heap:
 PSYoungGen      total 1536K, used 964K [0x00000000d5580000, 0x00000000d5880000, 0x0000000100000000)
  eden space 1024K, 44% used [0x00000000d5580000,0x00000000d55f2ef0,0x00000000d5680000)
  from space 512K, 98% used [0x00000000d5780000,0x00000000d57fe420,0x00000000d5800000)
  to   space 1024K, 0% used [0x00000000d5680000,0x00000000d5680000,0x00000000d5780000)
 ParOldGen       total 456192K, used 277718K [0x0000000080000000, 0x000000009bd80000, 0x00000000d5580000)
  object space 456192K, 60% used [0x0000000080000000,0x0000000090f35958,0x000000009bd80000)
 Metaspace       used 67933K, committed 69440K, reserved 1114112K
  class space    used 7274K, committed 7936K, reserved 1048576K
GC Heap History (20 events):
Event: 215.650 GC heap before
{Heap before GC invocations=976 (full 3):
 PSYoungGen      total 2048K, used 1860K [0x00000000d5580000, 0x00000000d5980000, 0x0000000100000000)
  eden space 1024K, 96% used [0x00000000d5580000,0x00000000d5677f78,0x00000000d5680000)
  from space 1024K, 84% used [0x00000000d5880000,0x00000000d5959430,0x00000000d5980000)
  to   space 1536K, 0% used [0x00000000d5680000,0x00000000d5680000,0x00000000d5800000)
 ParOldGen       total 456192K, used 272711K [0x0000000080000000, 0x000000009bd80000, 0x00000000d5580000)
  object space 456192K, 59% used [0x0000000080000000,0x0000000090a51e28,0x000000009bd80000)
 Metaspace       used 67806K, committed 69376K, reserved 1114112K
  class space    used 7272K, committed 7936K, reserved 1048576K
}
Event: 215.651 GC heap after
{Heap after GC invocations=976 (full 3):
 PSYoungGen      total 2560K, used 1019K [0x00000000d5580000, 0x00000000d5980000, 0x0000000100000000)
  eden space 1024K, 0% used [0x00000000d5580000,0x00000000d5580000,0x00000000d5680000)
  from space 1536K, 66% used [0x00000000d5680000,0x00000000d577efb8,0x00000000d5800000)
  to   space 1536K, 0% used [0x00000000d5800000,0x00000000d5800000,0x00000000d5980000)
 ParOldGen       total 456192K, used 273475K [0x0000000080000000, 0x000000009bd80000, 0x00000000d5580000)
  object space 456192K, 59% used [0x0000000080000000,0x0000000090b10cb0,0x000000009bd80000)
 Metaspace       used 67806K, committed 69376K, reserved 1114112K
  class space    used 7272K, committed 7936K, reserved 1048576K
}
Event: 215.671 GC heap before
{Heap before GC invocations=977 (full 3):
 PSYoungGen      total 2560K, used 2043K [0x00000000d5580000, 0x00000000d5980000, 0x0000000100000000)
  eden space 1024K, 100% used [0x00000000d5580000,0x00000000d5680000,0x00000000d5680000)
  from space 1536K, 66% used [0x00000000d5680000,0x00000000d577efb8,0x00000000d5800000)
  to   space 1536K, 0% used [0x00000000d5800000,0x00000000d5800000,0x00000000d5980000)
 ParOldGen       total 456192K, used 273475K [0x0000000080000000, 0x000000009bd80000, 0x00000000d5580000)
  object space 456192K, 59% used [0x0000000080000000,0x0000000090b10cb0,0x000000009bd80000)
 Metaspace       used 67806K, committed 69376K, reserved 1114112K
  class space    used 7272K, committed 7936K, reserved 1048576K
}
Event: 215.673 GC heap after
{Heap after GC invocations=977 (full 3):
 PSYoungGen      total 2560K, used 1053K [0x00000000d5580000, 0x00000000d5980000, 0x0000000100000000)
  eden space 1024K, 0% used [0x00000000d5580000,0x00000000d5580000,0x00000000d5680000)
  from space 1536K, 68% used [0x00000000d5800000,0x00000000d59076d8,0x00000000d5980000)
  to   space 1536K, 0% used [0x00000000d5680000,0x00000000d5680000,0x00000000d5800000)
 ParOldGen       total 456192K, used 274352K [0x0000000080000000, 0x000000009bd80000, 0x00000000d5580000)
  object space 456192K, 60% used [0x0000000080000000,0x0000000090bec250,0x000000009bd80000)
 Metaspace       used 67806K, committed 69376K, reserved 1114112K
  class space    used 7272K, committed 7936K, reserved 1048576K
}
Event: 215.709 GC heap before
{Heap before GC invocations=978 (full 3):
 PSYoungGen      total 2560K, used 2077K [0x00000000d5580000, 0x00000000d5980000, 0x0000000100000000)
  eden space 1024K, 100% used [0x00000000d5580000,0x00000000d5680000,0x00000000d5680000)
  from space 1536K, 68% used [0x00000000d5800000,0x00000000d59076d8,0x00000000d5980000)
  to   space 1536K, 0% used [0x00000000d5680000,0x00000000d5680000,0x00000000d5800000)
 ParOldGen       total 456192K, used 274352K [0x0000000080000000, 0x000000009bd80000, 0x00000000d5580000)
  object space 456192K, 60% used [0x0000000080000000,0x0000000090bec250,0x000000009bd80000)
 Metaspace       used 67806K, committed 69376K, reserved 1114112K
  class space    used 7272K, committed 7936K, reserved 1048576K
}
Event: 215.710 GC heap after
{Heap after GC invocations=978 (full 3):
 PSYoungGen      total 2048K, used 937K [0x00000000d5580000, 0x00000000d5880000, 0x0000000100000000)
  eden space 1024K, 0% used [0x00000000d5580000,0x00000000d5580000,0x00000000d5680000)
  from space 1024K, 91% used [0x00000000d5680000,0x00000000d576a6b0,0x00000000d5780000)
  to   space 1024K, 0% used [0x00000000d5780000,0x00000000d5780000,0x00000000d5880000)
 ParOldGen       total 456192K, used 275295K [0x0000000080000000, 0x000000009bd80000, 0x00000000d5580000)
  object space 456192K, 60% used [0x0000000080000000,0x0000000090cd7cf8,0x000000009bd80000)
 Metaspace       used 67806K, committed 69376K, reserved 1114112K
  class space    used 7272K, committed 7936K, reserved 1048576K
}
Event: 215.745 GC heap before
{Heap before GC invocations=979 (full 3):
 PSYoungGen      total 2048K, used 1961K [0x00000000d5580000, 0x00000000d5880000, 0x0000000100000000)
  eden space 1024K, 100% used [0x00000000d5580000,0x00000000d5680000,0x00000000d5680000)
  from space 1024K, 91% used [0x00000000d5680000,0x00000000d576a6b0,0x00000000d5780000)
  to   space 1024K, 0% used [0x00000000d5780000,0x00000000d5780000,0x00000000d5880000)
 ParOldGen       total 456192K, used 275295K [0x0000000080000000, 0x000000009bd80000, 0x00000000d5580000)
  object space 456192K, 60% used [0x0000000080000000,0x0000000090cd7cf8,0x000000009bd80000)
 Metaspace       used 67809K, committed 69376K, reserved 1114112K
  class space    used 7272K, committed 7936K, reserved 1048576K
}
Event: 215.746 GC heap after
{Heap after GC invocations=979 (full 3):
 PSYoungGen      total 2048K, used 857K [0x00000000d5580000, 0x00000000d5880000, 0x0000000100000000)
  eden space 1024K, 0% used [0x00000000d5580000,0x00000000d5580000,0x00000000d5680000)
  from space 1024K, 83% used [0x00000000d5780000,0x00000000d5856518,0x00000000d5880000)
  to   space 1024K, 0% used [0x00000000d5680000,0x00000000d5680000,0x00000000d5780000)
 ParOldGen       total 456192K, used 276144K [0x0000000080000000, 0x000000009bd80000, 0x00000000d5580000)
  object space 456192K, 60% used [0x0000000080000000,0x0000000090dac2c8,0x000000009bd80000)
 Metaspace       used 67809K, committed 69376K, reserved 1114112K
  class space    used 7272K, committed 7936K, reserved 1048576K
}
Event: 215.753 GC heap before
{Heap before GC invocations=980 (full 3):
 PSYoungGen      total 2048K, used 1880K [0x00000000d5580000, 0x00000000d5880000, 0x0000000100000000)
  eden space 1024K, 99% used [0x00000000d5580000,0x00000000d567feb0,0x00000000d5680000)
  from space 1024K, 83% used [0x00000000d5780000,0x00000000d5856518,0x00000000d5880000)
  to   space 1024K, 0% used [0x00000000d5680000,0x00000000d5680000,0x00000000d5780000)
 ParOldGen       total 456192K, used 276144K [0x0000000080000000, 0x000000009bd80000, 0x00000000d5580000)
  object space 456192K, 60% used [0x0000000080000000,0x0000000090dac2c8,0x000000009bd80000)
 Metaspace       used 67813K, committed 69376K, reserved 1114112K
  class space    used 7272K, committed 7936K, reserved 1048576K
}
Event: 215.754 GC heap after
{Heap after GC invocations=980 (full 3):
 PSYoungGen      total 2048K, used 480K [0x00000000d5580000, 0x00000000d5880000, 0x0000000100000000)
  eden space 1024K, 0% used [0x00000000d5580000,0x00000000d5580000,0x00000000d5680000)
  from space 1024K, 46% used [0x00000000d5680000,0x00000000d56f8000,0x00000000d5780000)
  to   space 1024K, 0% used [0x00000000d5780000,0x00000000d5780000,0x00000000d5880000)
 ParOldGen       total 456192K, used 276926K [0x0000000080000000, 0x000000009bd80000, 0x00000000d5580000)
  object space 456192K, 60% used [0x0000000080000000,0x0000000090e6f958,0x000000009bd80000)
 Metaspace       used 67813K, committed 69376K, reserved 1114112K
  class space    used 7272K, committed 7936K, reserved 1048576K
}
Event: 215.761 GC heap before
{Heap before GC invocations=981 (full 3):
 PSYoungGen      total 2048K, used 1504K [0x00000000d5580000, 0x00000000d5880000, 0x0000000100000000)
  eden space 1024K, 100% used [0x00000000d5580000,0x00000000d5680000,0x00000000d5680000)
  from space 1024K, 46% used [0x00000000d5680000,0x00000000d56f8000,0x00000000d5780000)
  to   space 1024K, 0% used [0x00000000d5780000,0x00000000d5780000,0x00000000d5880000)
 ParOldGen       total 456192K, used 276926K [0x0000000080000000, 0x000000009bd80000, 0x00000000d5580000)
  object space 456192K, 60% used [0x0000000080000000,0x0000000090e6f958,0x000000009bd80000)
 Metaspace       used 67814K, committed 69376K, reserved 1114112K
  class space    used 7272K, committed 7936K, reserved 1048576K
}
Event: 215.762 GC heap after
{Heap after GC invocations=981 (full 3):
 PSYoungGen      total 1536K, used 224K [0x00000000d5580000, 0x00000000d5800000, 0x0000000100000000)
  eden space 1024K, 0% used [0x00000000d5580000,0x00000000d5580000,0x00000000d5680000)
  from space 512K, 43% used [0x00000000d5780000,0x00000000d57b8000,0x00000000d5800000)
  to   space 512K, 0% used [0x00000000d5700000,0x00000000d5700000,0x00000000d5780000)
 ParOldGen       total 456192K, used 277302K [0x0000000080000000, 0x000000009bd80000, 0x00000000d5580000)
  object space 456192K, 60% used [0x0000000080000000,0x0000000090ecd958,0x000000009bd80000)
 Metaspace       used 67814K, committed 69376K, reserved 1114112K
  class space    used 7272K, committed 7936K, reserved 1048576K
}
Event: 215.767 GC heap before
{Heap before GC invocations=982 (full 3):
 PSYoungGen      total 1536K, used 1118K [0x00000000d5580000, 0x00000000d5800000, 0x0000000100000000)
  eden space 1024K, 87% used [0x00000000d5580000,0x00000000d565f938,0x00000000d5680000)
  from space 512K, 43% used [0x00000000d5780000,0x00000000d57b8000,0x00000000d5800000)
  to   space 512K, 0% used [0x00000000d5700000,0x00000000d5700000,0x00000000d5780000)
 ParOldGen       total 456192K, used 277302K [0x0000000080000000, 0x000000009bd80000, 0x00000000d5580000)
  object space 456192K, 60% used [0x0000000080000000,0x0000000090ecd958,0x000000009bd80000)
 Metaspace       used 67819K, committed 69376K, reserved 1114112K
  class space    used 7272K, committed 7936K, reserved 1048576K
}
Event: 215.769 GC heap after
{Heap after GC invocations=982 (full 3):
 PSYoungGen      total 1536K, used 480K [0x00000000d5580000, 0x00000000d5880000, 0x0000000100000000)
  eden space 1024K, 0% used [0x00000000d5580000,0x00000000d5580000,0x00000000d5680000)
  from space 512K, 93% used [0x00000000d5700000,0x00000000d5778010,0x00000000d5780000)
  to   space 1024K, 0% used [0x00000000d5780000,0x00000000d5780000,0x00000000d5880000)
 ParOldGen       total 456192K, used 277430K [0x0000000080000000, 0x000000009bd80000, 0x00000000d5580000)
  object space 456192K, 60% used [0x0000000080000000,0x0000000090eed958,0x000000009bd80000)
 Metaspace       used 67819K, committed 69376K, reserved 1114112K
  class space    used 7272K, committed 7936K, reserved 1048576K
}
Event: 215.772 GC heap before
{Heap before GC invocations=983 (full 3):
 PSYoungGen      total 1536K, used 1504K [0x00000000d5580000, 0x00000000d5880000, 0x0000000100000000)
  eden space 1024K, 100% used [0x00000000d5580000,0x00000000d5680000,0x00000000d5680000)
  from space 512K, 93% used [0x00000000d5700000,0x00000000d5778010,0x00000000d5780000)
  to   space 1024K, 0% used [0x00000000d5780000,0x00000000d5780000,0x00000000d5880000)
 ParOldGen       total 456192K, used 277430K [0x0000000080000000, 0x000000009bd80000, 0x00000000d5580000)
  object space 456192K, 60% used [0x0000000080000000,0x0000000090eed958,0x000000009bd80000)
 Metaspace       used 67821K, committed 69376K, reserved 1114112K
  class space    used 7272K, committed 7936K, reserved 1048576K
}
Event: 215.773 GC heap after
{Heap after GC invocations=983 (full 3):
 PSYoungGen      total 1536K, used 224K [0x00000000d5580000, 0x00000000d5800000, 0x0000000100000000)
  eden space 1024K, 0% used [0x00000000d5580000,0x00000000d5580000,0x00000000d5680000)
  from space 512K, 43% used [0x00000000d5780000,0x00000000d57b8000,0x00000000d5800000)
  to   space 512K, 0% used [0x00000000d5700000,0x00000000d5700000,0x00000000d5780000)
 ParOldGen       total 456192K, used 277486K [0x0000000080000000, 0x000000009bd80000, 0x00000000d5580000)
  object space 456192K, 60% used [0x0000000080000000,0x0000000090efb958,0x000000009bd80000)
 Metaspace       used 67821K, committed 69376K, reserved 1114112K
  class space    used 7272K, committed 7936K, reserved 1048576K
}
Event: 215.789 GC heap before
{Heap before GC invocations=984 (full 3):
 PSYoungGen      total 1536K, used 1238K [0x00000000d5580000, 0x00000000d5800000, 0x0000000100000000)
  eden space 1024K, 99% used [0x00000000d5580000,0x00000000d567db78,0x00000000d5680000)
  from space 512K, 43% used [0x00000000d5780000,0x00000000d57b8000,0x00000000d5800000)
  to   space 512K, 0% used [0x00000000d5700000,0x00000000d5700000,0x00000000d5780000)
 ParOldGen       total 456192K, used 277486K [0x0000000080000000, 0x000000009bd80000, 0x00000000d5580000)
  object space 456192K, 60% used [0x0000000080000000,0x0000000090efb958,0x000000009bd80000)
 Metaspace       used 67852K, committed 69376K, reserved 1114112K
  class space    used 7272K, committed 7936K, reserved 1048576K
}
Event: 215.791 GC heap after
{Heap after GC invocations=984 (full 3):
 PSYoungGen      total 1536K, used 320K [0x00000000d5580000, 0x00000000d5800000, 0x0000000100000000)
  eden space 1024K, 0% used [0x00000000d5580000,0x00000000d5580000,0x00000000d5680000)
  from space 512K, 62% used [0x00000000d5700000,0x00000000d5750000,0x00000000d5780000)
  to   space 512K, 0% used [0x00000000d5780000,0x00000000d5780000,0x00000000d5800000)
 ParOldGen       total 456192K, used 277502K [0x0000000080000000, 0x000000009bd80000, 0x00000000d5580000)
  object space 456192K, 60% used [0x0000000080000000,0x0000000090eff958,0x000000009bd80000)
 Metaspace       used 67852K, committed 69376K, reserved 1114112K
  class space    used 7272K, committed 7936K, reserved 1048576K
}
Event: 215.809 GC heap before
{Heap before GC invocations=985 (full 3):
 PSYoungGen      total 1536K, used 1344K [0x00000000d5580000, 0x00000000d5800000, 0x0000000100000000)
  eden space 1024K, 100% used [0x00000000d5580000,0x00000000d5680000,0x00000000d5680000)
  from space 512K, 62% used [0x00000000d5700000,0x00000000d5750000,0x00000000d5780000)
  to   space 512K, 0% used [0x00000000d5780000,0x00000000d5780000,0x00000000d5800000)
 ParOldGen       total 456192K, used 277502K [0x0000000080000000, 0x000000009bd80000, 0x00000000d5580000)
  object space 456192K, 60% used [0x0000000080000000,0x0000000090eff958,0x000000009bd80000)
 Metaspace       used 67871K, committed 69440K, reserved 1114112K
  class space    used 7272K, committed 7936K, reserved 1048576K
}
Event: 215.810 GC heap after
{Heap after GC invocations=985 (full 3):
 PSYoungGen      total 1536K, used 505K [0x00000000d5580000, 0x00000000d5880000, 0x0000000100000000)
  eden space 1024K, 0% used [0x00000000d5580000,0x00000000d5580000,0x00000000d5680000)
  from space 512K, 98% used [0x00000000d5780000,0x00000000d57fe420,0x00000000d5800000)
  to   space 1024K, 0% used [0x00000000d5680000,0x00000000d5680000,0x00000000d5780000)
 ParOldGen       total 456192K, used 277718K [0x0000000080000000, 0x000000009bd80000, 0x00000000d5580000)
  object space 456192K, 60% used [0x0000000080000000,0x0000000090f35958,0x000000009bd80000)
 Metaspace       used 67871K, committed 69440K, reserved 1114112K
  class space    used 7272K, committed 7936K, reserved 1048576K
}

