# JRE version: OpenJDK Runtime Environment Temurin-21.0.11+10 (21.0.11+10) (build 21.0.11+10-LTS)
# Java VM: OpenJDK 64-Bit Server VM Temurin-21.0.11+10 (21.0.11+10-LTS, mixed mode, sharing, tiered, compressed oops, compressed class ptrs, parallel gc, windows-amd64)
GC Precious Log:
 CardTable entry size: 512
 CPUs: 8 total, 8 available
 Memory: 8097M
 Large Page Support: Disabled
 NUMA Support: Disabled
 Compressed Oops: Enabled (32-bit)
 Alignments: Space 512K, Generation 512K, Heap 2M
 Heap Min Capacity: 100M
 Heap Initial Capacity: 100M
 Heap Max Capacity: 2G
 Pre-touch: Disabled
 Parallel Workers: 8
Heap:
 PSYoungGen      total 4608K, used 1760K [0x00000000d5580000, 0x00000000d5c00000, 0x0000000100000000)
  eden space 4096K, 38% used [0x00000000d5580000,0x00000000d57083b8,0x00000000d5980000)
  from space 512K, 37% used [0x00000000d5980000,0x00000000d59b0000,0x00000000d5a00000)
  to   space 1024K, 0% used [0x00000000d5b00000,0x00000000d5b00000,0x00000000d5c00000)
 ParOldGen       total 538624K, used 538413K [0x0000000080000000, 0x00000000a0e00000, 0x00000000d5580000)
  object space 538624K, 99% used [0x0000000080000000,0x00000000a0dcb540,0x00000000a0e00000)
 Metaspace       used 89427K, committed 91200K, reserved 1179648K
  class space    used 9333K, committed 10112K, reserved 1048576K
GC Heap History (20 events):
Event: 6442.974 GC heap before
{Heap before GC invocations=1274 (full 4):
 PSYoungGen      total 7680K, used 7653K [0x00000000d5580000, 0x00000000d6b80000, 0x0000000100000000)
  eden space 5120K, 100% used [0x00000000d5580000,0x00000000d5a80000,0x00000000d5a80000)
  from space 2560K, 98% used [0x00000000d5b00000,0x00000000d5d796f0,0x00000000d5d80000)
  to   space 8704K, 0% used [0x00000000d6300000,0x00000000d6300000,0x00000000d6b80000)
 ParOldGen       total 519168K, used 518919K [0x0000000080000000, 0x000000009fb00000, 0x00000000d5580000)
  object space 519168K, 99% used [0x0000000080000000,0x000000009fac1d20,0x000000009fb00000)
 Metaspace       used 89400K, committed 91136K, reserved 1179648K
  class space    used 9333K, committed 10112K, reserved 1048576K
}
Event: 6442.980 GC heap after
{Heap after GC invocations=1274 (full 4):
 PSYoungGen      total 10240K, used 4744K [0x00000000d5580000, 0x00000000d6800000, 0x0000000100000000)
  eden space 5120K, 0% used [0x00000000d5580000,0x00000000d5580000,0x00000000d5a80000)
  from space 5120K, 92% used [0x00000000d6300000,0x00000000d67a2000,0x00000000d6800000)
  to   space 6144K, 0% used [0x00000000d5c00000,0x00000000d5c00000,0x00000000d6200000)
 ParOldGen       total 522240K, used 521839K [0x0000000080000000, 0x000000009fe00000, 0x00000000d5580000)
  object space 522240K, 99% used [0x0000000080000000,0x000000009fd9bf88,0x000000009fe00000)
 Metaspace       used 89400K, committed 91136K, reserved 1179648K
  class space    used 9333K, committed 10112K, reserved 1048576K
}
Event: 6443.080 GC heap before
{Heap before GC invocations=1275 (full 4):
 PSYoungGen      total 10240K, used 9864K [0x00000000d5580000, 0x00000000d6800000, 0x0000000100000000)
  eden space 5120K, 100% used [0x00000000d5580000,0x00000000d5a80000,0x00000000d5a80000)
  from space 5120K, 92% used [0x00000000d6300000,0x00000000d67a2000,0x00000000d6800000)
  to   space 6144K, 0% used [0x00000000d5c00000,0x00000000d5c00000,0x00000000d6200000)
 ParOldGen       total 522240K, used 521839K [0x0000000080000000, 0x000000009fe00000, 0x00000000d5580000)
  object space 522240K, 99% used [0x0000000080000000,0x000000009fd9bf88,0x000000009fe00000)
 Metaspace       used 89400K, committed 91136K, reserved 1179648K
  class space    used 9333K, committed 10112K, reserved 1048576K
}
Event: 6443.086 GC heap after
{Heap after GC invocations=1275 (full 4):
 PSYoungGen      total 9216K, used 3930K [0x00000000d5580000, 0x00000000d6380000, 0x0000000100000000)
  eden space 5120K, 0% used [0x00000000d5580000,0x00000000d5580000,0x00000000d5a80000)
  from space 4096K, 95% used [0x00000000d5c00000,0x00000000d5fd6b58,0x00000000d6000000)
  to   space 3584K, 0% used [0x00000000d6000000,0x00000000d6000000,0x00000000d6380000)
 ParOldGen       total 526336K, used 526111K [0x0000000080000000, 0x00000000a0200000, 0x00000000d5580000)
  object space 526336K, 99% used [0x0000000080000000,0x00000000a01c7f88,0x00000000a0200000)
 Metaspace       used 89400K, committed 91136K, reserved 1179648K
  class space    used 9333K, committed 10112K, reserved 1048576K
}
Event: 6443.114 GC heap before
{Heap before GC invocations=1276 (full 4):
 PSYoungGen      total 9216K, used 8980K [0x00000000d5580000, 0x00000000d6380000, 0x0000000100000000)
  eden space 5120K, 98% used [0x00000000d5580000,0x00000000d5a6e810,0x00000000d5a80000)
  from space 4096K, 95% used [0x00000000d5c00000,0x00000000d5fd6b58,0x00000000d6000000)
  to   space 3584K, 0% used [0x00000000d6000000,0x00000000d6000000,0x00000000d6380000)
 ParOldGen       total 526336K, used 526111K [0x0000000080000000, 0x00000000a0200000, 0x00000000d5580000)
  object space 526336K, 99% used [0x0000000080000000,0x00000000a01c7f88,0x00000000a0200000)
 Metaspace       used 89400K, committed 91136K, reserved 1179648K
  class space    used 9333K, committed 10112K, reserved 1048576K
}
Event: 6443.119 GC heap after
{Heap after GC invocations=1276 (full 4):
 PSYoungGen      total 5632K, used 3580K [0x00000000d5580000, 0x00000000d6b80000, 0x0000000100000000)
  eden space 2048K, 0% used [0x00000000d5580000,0x00000000d5580000,0x00000000d5780000)
  from space 3584K, 99% used [0x00000000d6000000,0x00000000d637f080,0x00000000d6380000)
  to   space 8704K, 0% used [0x00000000d5780000,0x00000000d5780000,0x00000000d6000000)
 ParOldGen       total 530944K, used 530505K [0x0000000080000000, 0x00000000a0680000, 0x00000000d5580000)
  object space 530944K, 99% used [0x0000000080000000,0x00000000a0612678,0x00000000a0680000)
 Metaspace       used 89400K, committed 91136K, reserved 1179648K
  class space    used 9333K, committed 10112K, reserved 1048576K
}
Event: 6443.136 GC heap before
{Heap before GC invocations=1277 (full 4):
 PSYoungGen      total 5632K, used 5628K [0x00000000d5580000, 0x00000000d6b80000, 0x0000000100000000)
  eden space 2048K, 100% used [0x00000000d5580000,0x00000000d5780000,0x00000000d5780000)
  from space 3584K, 99% used [0x00000000d6000000,0x00000000d637f080,0x00000000d6380000)
  to   space 8704K, 0% used [0x00000000d5780000,0x00000000d5780000,0x00000000d6000000)
 ParOldGen       total 530944K, used 530505K [0x0000000080000000, 0x00000000a0680000, 0x00000000d5580000)
  object space 530944K, 99% used [0x0000000080000000,0x00000000a0612678,0x00000000a0680000)
 Metaspace       used 89400K, committed 91136K, reserved 1179648K
  class space    used 9333K, committed 10112K, reserved 1048576K
}
Event: 6443.142 GC heap after
{Heap after GC invocations=1277 (full 4):
 PSYoungGen      total 4096K, used 1891K [0x00000000d5580000, 0x00000000d6080000, 0x0000000100000000)
  eden space 2048K, 0% used [0x00000000d5580000,0x00000000d5580000,0x00000000d5780000)
  from space 2048K, 92% used [0x00000000d5780000,0x00000000d5958da0,0x00000000d5980000)
  to   space 4608K, 0% used [0x00000000d5c00000,0x00000000d5c00000,0x00000000d6080000)
 ParOldGen       total 534528K, used 534101K [0x0000000080000000, 0x00000000a0a00000, 0x00000000d5580000)
  object space 534528K, 99% used [0x0000000080000000,0x00000000a0995580,0x00000000a0a00000)
 Metaspace       used 89400K, committed 91136K, reserved 1179648K
  class space    used 9333K, committed 10112K, reserved 1048576K
}
Event: 6443.149 GC heap before
{Heap before GC invocations=1278 (full 4):
 PSYoungGen      total 4096K, used 3939K [0x00000000d5580000, 0x00000000d6080000, 0x0000000100000000)
  eden space 2048K, 100% used [0x00000000d5580000,0x00000000d5780000,0x00000000d5780000)
  from space 2048K, 92% used [0x00000000d5780000,0x00000000d5958da0,0x00000000d5980000)
  to   space 4608K, 0% used [0x00000000d5c00000,0x00000000d5c00000,0x00000000d6080000)
 ParOldGen       total 534528K, used 534101K [0x0000000080000000, 0x00000000a0a00000, 0x00000000d5580000)
  object space 534528K, 99% used [0x0000000080000000,0x00000000a0995580,0x00000000a0a00000)
 Metaspace       used 89400K, committed 91136K, reserved 1179648K
  class space    used 9333K, committed 10112K, reserved 1048576K
}
Event: 6443.155 GC heap after
{Heap after GC invocations=1278 (full 4):
 PSYoungGen      total 3584K, used 909K [0x00000000d5580000, 0x00000000d5d00000, 0x0000000100000000)
  eden space 2560K, 0% used [0x00000000d5580000,0x00000000d5580000,0x00000000d5800000)
  from space 1024K, 88% used [0x00000000d5c00000,0x00000000d5ce3460,0x00000000d5d00000)
  to   space 2048K, 0% used [0x00000000d5900000,0x00000000d5900000,0x00000000d5b00000)
 ParOldGen       total 536064K, used 535834K [0x0000000080000000, 0x00000000a0b80000, 0x00000000d5580000)
  object space 536064K, 99% used [0x0000000080000000,0x00000000a0b46a48,0x00000000a0b80000)
 Metaspace       used 89400K, committed 91136K, reserved 1179648K
  class space    used 9333K, committed 10112K, reserved 1048576K
}
Event: 6443.159 GC heap before
{Heap before GC invocations=1279 (full 4):
 PSYoungGen      total 3584K, used 3469K [0x00000000d5580000, 0x00000000d5d00000, 0x0000000100000000)
  eden space 2560K, 100% used [0x00000000d5580000,0x00000000d5800000,0x00000000d5800000)
  from space 1024K, 88% used [0x00000000d5c00000,0x00000000d5ce3460,0x00000000d5d00000)
  to   space 2048K, 0% used [0x00000000d5900000,0x00000000d5900000,0x00000000d5b00000)
 ParOldGen       total 536064K, used 535834K [0x0000000080000000, 0x00000000a0b80000, 0x00000000d5580000)
  object space 536064K, 99% used [0x0000000080000000,0x00000000a0b46a48,0x00000000a0b80000)
 Metaspace       used 89400K, committed 91136K, reserved 1179648K
  class space    used 9333K, committed 10112K, reserved 1048576K
}
Event: 6443.162 GC heap after
{Heap after GC invocations=1279 (full 4):
 PSYoungGen      total 5120K, used 224K [0x00000000d5580000, 0x00000000d5c80000, 0x0000000100000000)
  eden space 3072K, 0% used [0x00000000d5580000,0x00000000d5580000,0x00000000d5880000)
  from space 2048K, 10% used [0x00000000d5900000,0x00000000d5938000,0x00000000d5b00000)
  to   space 1024K, 0% used [0x00000000d5b80000,0x00000000d5b80000,0x00000000d5c80000)
 ParOldGen       total 536576K, used 536558K [0x0000000080000000, 0x00000000a0c00000, 0x00000000d5580000)
  object space 536576K, 99% used [0x0000000080000000,0x00000000a0bfbbd8,0x00000000a0c00000)
 Metaspace       used 89400K, committed 91136K, reserved 1179648K
  class space    used 9333K, committed 10112K, reserved 1048576K
}
Event: 6443.177 GC heap before
{Heap before GC invocations=1280 (full 4):
 PSYoungGen      total 5120K, used 3296K [0x00000000d5580000, 0x00000000d5c80000, 0x0000000100000000)
  eden space 3072K, 100% used [0x00000000d5580000,0x00000000d5880000,0x00000000d5880000)
  from space 2048K, 10% used [0x00000000d5900000,0x00000000d5938000,0x00000000d5b00000)
  to   space 1024K, 0% used [0x00000000d5b80000,0x00000000d5b80000,0x00000000d5c80000)
 ParOldGen       total 536576K, used 536558K [0x0000000080000000, 0x00000000a0c00000, 0x00000000d5580000)
  object space 536576K, 99% used [0x0000000080000000,0x00000000a0bfbbd8,0x00000000a0c00000)
 Metaspace       used 89402K, committed 91136K, reserved 1179648K
  class space    used 9333K, committed 10112K, reserved 1048576K
}
Event: 6443.179 GC heap after
{Heap after GC invocations=1280 (full 4):
 PSYoungGen      total 5120K, used 576K [0x00000000d5580000, 0x00000000d5c80000, 0x0000000100000000)
  eden space 4096K, 0% used [0x00000000d5580000,0x00000000d5580000,0x00000000d5980000)
  from space 1024K, 56% used [0x00000000d5b80000,0x00000000d5c10000,0x00000000d5c80000)
  to   space 1024K, 0% used [0x00000000d5a80000,0x00000000d5a80000,0x00000000d5b80000)
 ParOldGen       total 537088K, used 536622K [0x0000000080000000, 0x00000000a0c80000, 0x00000000d5580000)
  object space 537088K, 99% used [0x0000000080000000,0x00000000a0c0bbd8,0x00000000a0c80000)
 Metaspace       used 89402K, committed 91136K, reserved 1179648K
  class space    used 9333K, committed 10112K, reserved 1048576K
}
Event: 6443.389 GC heap before
{Heap before GC invocations=1281 (full 4):
 PSYoungGen      total 5120K, used 4672K [0x00000000d5580000, 0x00000000d5c80000, 0x0000000100000000)
  eden space 4096K, 100% used [0x00000000d5580000,0x00000000d5980000,0x00000000d5980000)
  from space 1024K, 56% used [0x00000000d5b80000,0x00000000d5c10000,0x00000000d5c80000)
  to   space 1024K, 0% used [0x00000000d5a80000,0x00000000d5a80000,0x00000000d5b80000)
 ParOldGen       total 537088K, used 536622K [0x0000000080000000, 0x00000000a0c80000, 0x00000000d5580000)
  object space 537088K, 99% used [0x0000000080000000,0x00000000a0c0bbd8,0x00000000a0c80000)
 Metaspace       used 89407K, committed 91136K, reserved 1179648K
  class space    used 9333K, committed 10112K, reserved 1048576K
}
Event: 6443.392 GC heap after
{Heap after GC invocations=1281 (full 4):
 PSYoungGen      total 5120K, used 602K [0x00000000d5580000, 0x00000000d5c00000, 0x0000000100000000)
  eden space 4096K, 0% used [0x00000000d5580000,0x00000000d5580000,0x00000000d5980000)
  from space 1024K, 58% used [0x00000000d5a80000,0x00000000d5b16900,0x00000000d5b80000)
  to   space 512K, 0% used [0x00000000d5b80000,0x00000000d5b80000,0x00000000d5c00000)
 ParOldGen       total 537088K, used 537036K [0x0000000080000000, 0x00000000a0c80000, 0x00000000d5580000)
  object space 537088K, 99% used [0x0000000080000000,0x00000000a0c73108,0x00000000a0c80000)
 Metaspace       used 89407K, committed 91136K, reserved 1179648K
  class space    used 9333K, committed 10112K, reserved 1048576K
}
Event: 6443.412 GC heap before
{Heap before GC invocations=1282 (full 4):
 PSYoungGen      total 5120K, used 4698K [0x00000000d5580000, 0x00000000d5c00000, 0x0000000100000000)
  eden space 4096K, 100% used [0x00000000d5580000,0x00000000d5980000,0x00000000d5980000)
  from space 1024K, 58% used [0x00000000d5a80000,0x00000000d5b16900,0x00000000d5b80000)
  to   space 512K, 0% used [0x00000000d5b80000,0x00000000d5b80000,0x00000000d5c00000)
 ParOldGen       total 537088K, used 537036K [0x0000000080000000, 0x00000000a0c80000, 0x00000000d5580000)
  object space 537088K, 99% used [0x0000000080000000,0x00000000a0c73108,0x00000000a0c80000)
 Metaspace       used 89410K, committed 91200K, reserved 1179648K
  class space    used 9333K, committed 10112K, reserved 1048576K
}
Event: 6443.415 GC heap after
{Heap after GC invocations=1282 (full 4):
 PSYoungGen      total 4608K, used 500K [0x00000000d5580000, 0x00000000d5d80000, 0x0000000100000000)
  eden space 4096K, 0% used [0x00000000d5580000,0x00000000d5580000,0x00000000d5980000)
  from space 512K, 97% used [0x00000000d5b80000,0x00000000d5bfd200,0x00000000d5c00000)
  to   space 2048K, 0% used [0x00000000d5980000,0x00000000d5980000,0x00000000d5b80000)
 ParOldGen       total 538112K, used 537957K [0x0000000080000000, 0x00000000a0d80000, 0x00000000d5580000)
  object space 538112K, 99% used [0x0000000080000000,0x00000000a0d59540,0x00000000a0d80000)
 Metaspace       used 89410K, committed 91200K, reserved 1179648K
  class space    used 9333K, committed 10112K, reserved 1048576K
}
Event: 6443.727 GC heap before
{Heap before GC invocations=1283 (full 4):
 PSYoungGen      total 4608K, used 4596K [0x00000000d5580000, 0x00000000d5d80000, 0x0000000100000000)
  eden space 4096K, 100% used [0x00000000d5580000,0x00000000d5980000,0x00000000d5980000)
  from space 512K, 97% used [0x00000000d5b80000,0x00000000d5bfd200,0x00000000d5c00000)
  to   space 2048K, 0% used [0x00000000d5980000,0x00000000d5980000,0x00000000d5b80000)
 ParOldGen       total 538112K, used 537957K [0x0000000080000000, 0x00000000a0d80000, 0x00000000d5580000)
  object space 538112K, 99% used [0x0000000080000000,0x00000000a0d59540,0x00000000a0d80000)
 Metaspace       used 89422K, committed 91200K, reserved 1179648K
  class space    used 9333K, committed 10112K, reserved 1048576K
}
Event: 6443.730 GC heap after
{Heap after GC invocations=1283 (full 4):
 PSYoungGen      total 4608K, used 192K [0x00000000d5580000, 0x00000000d5c00000, 0x0000000100000000)
  eden space 4096K, 0% used [0x00000000d5580000,0x00000000d5580000,0x00000000d5980000)
  from space 512K, 37% used [0x00000000d5980000,0x00000000d59b0000,0x00000000d5a00000)
  to   space 1024K, 0% used [0x00000000d5b00000,0x00000000d5b00000,0x00000000d5c00000)
 ParOldGen       total 538624K, used 538413K [0x0000000080000000, 0x00000000a0e00000, 0x00000000d5580000)
  object space 538624K, 99% used [0x0000000080000000,0x00000000a0dcb540,0x00000000a0e00000)
 Metaspace       used 89422K, committed 91200K, reserved 1179648K
  class space    used 9333K, committed 10112K, reserved 1048576K
}

