# JRE version: OpenJDK Runtime Environment Temurin-21.0.12.1+1 (21.0.12.1+1) (build 21.0.12.1+1-LTS)
# Java VM: OpenJDK 64-Bit Server VM Temurin-21.0.12.1+1 (21.0.12.1+1-LTS, mixed mode, sharing, tiered, compressed oops, compressed class ptrs, parallel gc, windows-amd64)
GC Precious Log:
 CardTable entry size: 512
 CPUs: 8 total, 8 available
 Memory: 8097M
 Large Page Support: Disabled
 NUMA Support: Disabled
 Compressed Oops: Enabled (32-bit)
 Alignments: Space 512K, Generation 512K, Heap 2M
 Heap Min Capacity: 100M
 Heap Initial Capacity: 100M
 Heap Max Capacity: 2G
 Pre-touch: Disabled
 Parallel Workers: 8
Heap:
 PSYoungGen      total 3584K, used 3296K [0x00000000d5580000, 0x00000000d5980000, 0x0000000100000000)
  eden space 3072K, 100% used [0x00000000d5580000,0x00000000d5880000,0x00000000d5880000)
  from space 512K, 43% used [0x00000000d5900000,0x00000000d5938000,0x00000000d5980000)
  to   space 512K, 0% used [0x00000000d5880000,0x00000000d5880000,0x00000000d5900000)
 ParOldGen       total 101376K, used 83672K [0x0000000080000000, 0x0000000086300000, 0x00000000d5580000)
  object space 101376K, 82% used [0x0000000080000000,0x00000000851b6328,0x0000000086300000)
 Metaspace       used 65096K, committed 67200K, reserved 1114112K
  class space    used 6639K, committed 7616K, reserved 1048576K
GC Heap History (20 events):
Event: 13358.228 GC heap before
{Heap before GC invocations=177439 (full 62):
 PSYoungGen      total 3584K, used 3264K [0x00000000d5580000, 0x00000000d5980000, 0x0000000100000000)
  eden space 3072K, 100% used [0x00000000d5580000,0x00000000d5880000,0x00000000d5880000)
  from space 512K, 37% used [0x00000000d5900000,0x00000000d5930000,0x00000000d5980000)
  to   space 512K, 0% used [0x00000000d5880000,0x00000000d5880000,0x00000000d5900000)
 ParOldGen       total 101376K, used 79152K [0x0000000080000000, 0x0000000086300000, 0x00000000d5580000)
  object space 101376K, 78% used [0x0000000080000000,0x0000000084d4c398,0x0000000086300000)
 Metaspace       used 65096K, committed 67200K, reserved 1114112K
  class space    used 6639K, committed 7616K, reserved 1048576K
}
Event: 13358.228 GC heap after
{Heap after GC invocations=177439 (full 62):
 PSYoungGen      total 3584K, used 160K [0x00000000d5580000, 0x00000000d5980000, 0x0000000100000000)
  eden space 3072K, 0% used [0x00000000d5580000,0x00000000d5580000,0x00000000d5880000)
  from space 512K, 31% used [0x00000000d5880000,0x00000000d58a8000,0x00000000d5900000)
  to   space 512K, 0% used [0x00000000d5900000,0x00000000d5900000,0x00000000d5980000)
 ParOldGen       total 101376K, used 79152K [0x0000000080000000, 0x0000000086300000, 0x00000000d5580000)
  object space 101376K, 78% used [0x0000000080000000,0x0000000084d4c398,0x0000000086300000)
 Metaspace       used 65096K, committed 67200K, reserved 1114112K
  class space    used 6639K, committed 7616K, reserved 1048576K
}
Event: 13358.291 GC heap before
{Heap before GC invocations=177440 (full 62):
 PSYoungGen      total 3584K, used 3231K [0x00000000d5580000, 0x00000000d5980000, 0x0000000100000000)
  eden space 3072K, 99% used [0x00000000d5580000,0x00000000d587fff0,0x00000000d5880000)
  from space 512K, 31% used [0x00000000d5880000,0x00000000d58a8000,0x00000000d5900000)
  to   space 512K, 0% used [0x00000000d5900000,0x00000000d5900000,0x00000000d5980000)
 ParOldGen       total 101376K, used 79152K [0x0000000080000000, 0x0000000086300000, 0x00000000d5580000)
  object space 101376K, 78% used [0x0000000080000000,0x0000000084d4c398,0x0000000086300000)
 Metaspace       used 65096K, committed 67200K, reserved 1114112K
  class space    used 6639K, committed 7616K, reserved 1048576K
}
Event: 13358.292 GC heap after
{Heap after GC invocations=177440 (full 62):
 PSYoungGen      total 3584K, used 333K [0x00000000d5580000, 0x00000000d5980000, 0x0000000100000000)
  eden space 3072K, 0% used [0x00000000d5580000,0x00000000d5580000,0x00000000d5880000)
  from space 512K, 65% used [0x00000000d5900000,0x00000000d59537c0,0x00000000d5980000)
  to   space 512K, 0% used [0x00000000d5880000,0x00000000d5880000,0x00000000d5900000)
 ParOldGen       total 101376K, used 79152K [0x0000000080000000, 0x0000000086300000, 0x00000000d5580000)
  object space 101376K, 78% used [0x0000000080000000,0x0000000084d4c398,0x0000000086300000)
 Metaspace       used 65096K, committed 67200K, reserved 1114112K
  class space    used 6639K, committed 7616K, reserved 1048576K
}
Event: 13358.307 GC heap before
{Heap before GC invocations=177441 (full 62):
 PSYoungGen      total 3584K, used 3400K [0x00000000d5580000, 0x00000000d5980000, 0x0000000100000000)
  eden space 3072K, 99% used [0x00000000d5580000,0x00000000d587ea40,0x00000000d5880000)
  from space 512K, 65% used [0x00000000d5900000,0x00000000d59537c0,0x00000000d5980000)
  to   space 512K, 0% used [0x00000000d5880000,0x00000000d5880000,0x00000000d5900000)
 ParOldGen       total 101376K, used 79152K [0x0000000080000000, 0x0000000086300000, 0x00000000d5580000)
  object space 101376K, 78% used [0x0000000080000000,0x0000000084d4c398,0x0000000086300000)
 Metaspace       used 65096K, committed 67200K, reserved 1114112K
  class space    used 6639K, committed 7616K, reserved 1048576K
}
Event: 13358.308 GC heap after
{Heap after GC invocations=177441 (full 62):
 PSYoungGen      total 3584K, used 310K [0x00000000d5580000, 0x00000000d5980000, 0x0000000100000000)
  eden space 3072K, 0% used [0x00000000d5580000,0x00000000d5580000,0x00000000d5880000)
  from space 512K, 60% used [0x00000000d5880000,0x00000000d58cdac8,0x00000000d5900000)
  to   space 512K, 0% used [0x00000000d5900000,0x00000000d5900000,0x00000000d5980000)
 ParOldGen       total 101376K, used 79318K [0x0000000080000000, 0x0000000086300000, 0x00000000d5580000)
  object space 101376K, 78% used [0x0000000080000000,0x0000000084d75b58,0x0000000086300000)
 Metaspace       used 65096K, committed 67200K, reserved 1114112K
  class space    used 6639K, committed 7616K, reserved 1048576K
}
Event: 13358.314 GC heap before
{Heap before GC invocations=177442 (full 62):
 PSYoungGen      total 3584K, used 3382K [0x00000000d5580000, 0x00000000d5980000, 0x0000000100000000)
  eden space 3072K, 99% used [0x00000000d5580000,0x00000000d587ffa0,0x00000000d5880000)
  from space 512K, 60% used [0x00000000d5880000,0x00000000d58cdac8,0x00000000d5900000)
  to   space 512K, 0% used [0x00000000d5900000,0x00000000d5900000,0x00000000d5980000)
 ParOldGen       total 101376K, used 79318K [0x0000000080000000, 0x0000000086300000, 0x00000000d5580000)
  object space 101376K, 78% used [0x0000000080000000,0x0000000084d75b58,0x0000000086300000)
 Metaspace       used 65096K, committed 67200K, reserved 1114112K
  class space    used 6639K, committed 7616K, reserved 1048576K
}
Event: 13360.334 GC heap after
{Heap after GC invocations=177442 (full 62):
 PSYoungGen      total 3584K, used 499K [0x00000000d5580000, 0x00000000d5980000, 0x0000000100000000)
  eden space 3072K, 0% used [0x00000000d5580000,0x00000000d5580000,0x00000000d5880000)
  from space 512K, 97% used [0x00000000d5900000,0x00000000d597cf38,0x00000000d5980000)
  to   space 512K, 0% used [0x00000000d5880000,0x00000000d5880000,0x00000000d5900000)
 ParOldGen       total 101376K, used 80004K [0x0000000080000000, 0x0000000086300000, 0x00000000d5580000)
  object space 101376K, 78% used [0x0000000080000000,0x0000000084e213f0,0x0000000086300000)
 Metaspace       used 65096K, committed 67200K, reserved 1114112K
  class space    used 6639K, committed 7616K, reserved 1048576K
}
Event: 13360.344 GC heap before
{Heap before GC invocations=177443 (full 62):
 PSYoungGen      total 3584K, used 3571K [0x00000000d5580000, 0x00000000d5980000, 0x0000000100000000)
  eden space 3072K, 99% used [0x00000000d5580000,0x00000000d587ffb8,0x00000000d5880000)
  from space 512K, 97% used [0x00000000d5900000,0x00000000d597cf38,0x00000000d5980000)
  to   space 512K, 0% used [0x00000000d5880000,0x00000000d5880000,0x00000000d5900000)
 ParOldGen       total 101376K, used 80004K [0x0000000080000000, 0x0000000086300000, 0x00000000d5580000)
  object space 101376K, 78% used [0x0000000080000000,0x0000000084e213f0,0x0000000086300000)
 Metaspace       used 65096K, committed 67200K, reserved 1114112K
  class space    used 6639K, committed 7616K, reserved 1048576K
}
Event: 13362.371 GC heap after
{Heap after GC invocations=177443 (full 62):
 PSYoungGen      total 3584K, used 500K [0x00000000d5580000, 0x00000000d5980000, 0x0000000100000000)
  eden space 3072K, 0% used [0x00000000d5580000,0x00000000d5580000,0x00000000d5880000)
  from space 512K, 97% used [0x00000000d5880000,0x00000000d58fd228,0x00000000d5900000)
  to   space 512K, 0% used [0x00000000d5900000,0x00000000d5900000,0x00000000d5980000)
 ParOldGen       total 101376K, used 81640K [0x0000000080000000, 0x0000000086300000, 0x00000000d5580000)
  object space 101376K, 80% used [0x0000000080000000,0x0000000084fba328,0x0000000086300000)
 Metaspace       used 65096K, committed 67200K, reserved 1114112K
  class space    used 6639K, committed 7616K, reserved 1048576K
}
Event: 13362.398 GC heap before
{Heap before GC invocations=177444 (full 62):
 PSYoungGen      total 3584K, used 3572K [0x00000000d5580000, 0x00000000d5980000, 0x0000000100000000)
  eden space 3072K, 100% used [0x00000000d5580000,0x00000000d5880000,0x00000000d5880000)
  from space 512K, 97% used [0x00000000d5880000,0x00000000d58fd228,0x00000000d5900000)
  to   space 512K, 0% used [0x00000000d5900000,0x00000000d5900000,0x00000000d5980000)
 ParOldGen       total 101376K, used 81640K [0x0000000080000000, 0x0000000086300000, 0x00000000d5580000)
  object space 101376K, 80% used [0x0000000080000000,0x0000000084fba328,0x0000000086300000)
 Metaspace       used 65096K, committed 67200K, reserved 1114112K
  class space    used 6639K, committed 7616K, reserved 1048576K
}
Event: 13364.412 GC heap after
{Heap after GC invocations=177444 (full 62):
 PSYoungGen      total 3584K, used 512K [0x00000000d5580000, 0x00000000d5980000, 0x0000000100000000)
  eden space 3072K, 0% used [0x00000000d5580000,0x00000000d5580000,0x00000000d5880000)
  from space 512K, 100% used [0x00000000d5900000,0x00000000d5980000,0x00000000d5980000)
  to   space 512K, 0% used [0x00000000d5880000,0x00000000d5880000,0x00000000d5900000)
 ParOldGen       total 101376K, used 83008K [0x0000000080000000, 0x0000000086300000, 0x00000000d5580000)
  object space 101376K, 81% used [0x0000000080000000,0x0000000085110328,0x0000000086300000)
 Metaspace       used 65096K, committed 67200K, reserved 1114112K
  class space    used 6639K, committed 7616K, reserved 1048576K
}
Event: 13364.424 GC heap before
{Heap before GC invocations=177445 (full 62):
 PSYoungGen      total 3584K, used 3569K [0x00000000d5580000, 0x00000000d5980000, 0x0000000100000000)
  eden space 3072K, 99% used [0x00000000d5580000,0x00000000d587c430,0x00000000d5880000)
  from space 512K, 100% used [0x00000000d5900000,0x00000000d5980000,0x00000000d5980000)
  to   space 512K, 0% used [0x00000000d5880000,0x00000000d5880000,0x00000000d5900000)
 ParOldGen       total 101376K, used 83008K [0x0000000080000000, 0x0000000086300000, 0x00000000d5580000)
  object space 101376K, 81% used [0x0000000080000000,0x0000000085110328,0x0000000086300000)
 Metaspace       used 65096K, committed 67200K, reserved 1114112K
  class space    used 6639K, committed 7616K, reserved 1048576K
}
Event: 13366.436 GC heap after
{Heap after GC invocations=177445 (full 62):
 PSYoungGen      total 3584K, used 160K [0x00000000d5580000, 0x00000000d5980000, 0x0000000100000000)
  eden space 3072K, 0% used [0x00000000d5580000,0x00000000d5580000,0x00000000d5880000)
  from space 512K, 31% used [0x00000000d5880000,0x00000000d58a8000,0x00000000d5900000)
  to   space 512K, 0% used [0x00000000d5900000,0x00000000d5900000,0x00000000d5980000)
 ParOldGen       total 101376K, used 83552K [0x0000000080000000, 0x0000000086300000, 0x00000000d5580000)
  object space 101376K, 82% used [0x0000000080000000,0x0000000085198328,0x0000000086300000)
 Metaspace       used 65096K, committed 67200K, reserved 1114112K
  class space    used 6639K, committed 7616K, reserved 1048576K
}
Event: 13366.468 GC heap before
{Heap before GC invocations=177446 (full 62):
 PSYoungGen      total 3584K, used 3149K [0x00000000d5580000, 0x00000000d5980000, 0x0000000100000000)
  eden space 3072K, 97% used [0x00000000d5580000,0x00000000d586b438,0x00000000d5880000)
  from space 512K, 31% used [0x00000000d5880000,0x00000000d58a8000,0x00000000d5900000)
  to   space 512K, 0% used [0x00000000d5900000,0x00000000d5900000,0x00000000d5980000)
 ParOldGen       total 101376K, used 83552K [0x0000000080000000, 0x0000000086300000, 0x00000000d5580000)
  object space 101376K, 82% used [0x0000000080000000,0x0000000085198328,0x0000000086300000)
 Metaspace       used 65096K, committed 67200K, reserved 1114112K
  class space    used 6639K, committed 7616K, reserved 1048576K
}
Event: 13366.469 GC heap after
{Heap after GC invocations=177446 (full 62):
 PSYoungGen      total 3584K, used 192K [0x00000000d5580000, 0x00000000d5980000, 0x0000000100000000)
  eden space 3072K, 0% used [0x00000000d5580000,0x00000000d5580000,0x00000000d5880000)
  from space 512K, 37% used [0x00000000d5900000,0x00000000d5930000,0x00000000d5980000)
  to   space 512K, 0% used [0x00000000d5880000,0x00000000d5880000,0x00000000d5900000)
 ParOldGen       total 101376K, used 83576K [0x0000000080000000, 0x0000000086300000, 0x00000000d5580000)
  object space 101376K, 82% used [0x0000000080000000,0x000000008519e328,0x0000000086300000)
 Metaspace       used 65096K, committed 67200K, reserved 1114112K
  class space    used 6639K, committed 7616K, reserved 1048576K
}
Event: 13366.496 GC heap before
{Heap before GC invocations=177447 (full 62):
 PSYoungGen      total 3584K, used 3161K [0x00000000d5580000, 0x00000000d5980000, 0x0000000100000000)
  eden space 3072K, 96% used [0x00000000d5580000,0x00000000d5866658,0x00000000d5880000)
  from space 512K, 37% used [0x00000000d5900000,0x00000000d5930000,0x00000000d5980000)
  to   space 512K, 0% used [0x00000000d5880000,0x00000000d5880000,0x00000000d5900000)
 ParOldGen       total 101376K, used 83576K [0x0000000080000000, 0x0000000086300000, 0x00000000d5580000)
  object space 101376K, 82% used [0x0000000080000000,0x000000008519e328,0x0000000086300000)
 Metaspace       used 65096K, committed 67200K, reserved 1114112K
  class space    used 6639K, committed 7616K, reserved 1048576K
}
Event: 13366.496 GC heap after
{Heap after GC invocations=177447 (full 62):
 PSYoungGen      total 3584K, used 224K [0x00000000d5580000, 0x00000000d5980000, 0x0000000100000000)
  eden space 3072K, 0% used [0x00000000d5580000,0x00000000d5580000,0x00000000d5880000)
  from space 512K, 43% used [0x00000000d5880000,0x00000000d58b8000,0x00000000d5900000)
  to   space 512K, 0% used [0x00000000d5900000,0x00000000d5900000,0x00000000d5980000)
 ParOldGen       total 101376K, used 83624K [0x0000000080000000, 0x0000000086300000, 0x00000000d5580000)
  object space 101376K, 82% used [0x0000000080000000,0x00000000851aa328,0x0000000086300000)
 Metaspace       used 65096K, committed 67200K, reserved 1114112K
  class space    used 6639K, committed 7616K, reserved 1048576K
}
Event: 13366.603 GC heap before
{Heap before GC invocations=177448 (full 62):
 PSYoungGen      total 3584K, used 3295K [0x00000000d5580000, 0x00000000d5980000, 0x0000000100000000)
  eden space 3072K, 99% used [0x00000000d5580000,0x00000000d587ff60,0x00000000d5880000)
  from space 512K, 43% used [0x00000000d5880000,0x00000000d58b8000,0x00000000d5900000)
  to   space 512K, 0% used [0x00000000d5900000,0x00000000d5900000,0x00000000d5980000)
 ParOldGen       total 101376K, used 83624K [0x0000000080000000, 0x0000000086300000, 0x00000000d5580000)
  object space 101376K, 82% used [0x0000000080000000,0x00000000851aa328,0x0000000086300000)
 Metaspace       used 65096K, committed 67200K, reserved 1114112K
  class space    used 6639K, committed 7616K, reserved 1048576K
}
Event: 13366.604 GC heap after
{Heap after GC invocations=177448 (full 62):
 PSYoungGen      total 3584K, used 224K [0x00000000d5580000, 0x00000000d5980000, 0x0000000100000000)
  eden space 3072K, 0% used [0x00000000d5580000,0x00000000d5580000,0x00000000d5880000)
  from space 512K, 43% used [0x00000000d5900000,0x00000000d5938000,0x00000000d5980000)
  to   space 512K, 0% used [0x00000000d5880000,0x00000000d5880000,0x00000000d5900000)
 ParOldGen       total 101376K, used 83672K [0x0000000080000000, 0x0000000086300000, 0x00000000d5580000)
  object space 101376K, 82% used [0x0000000080000000,0x00000000851b6328,0x0000000086300000)
 Metaspace       used 65096K, committed 67200K, reserved 1114112K
  class space    used 6639K, committed 7616K, reserved 1048576K
}

