# JRE version: OpenJDK Runtime Environment Temurin-21.0.11+10 (21.0.11+10) (build 21.0.11+10-LTS)
# Java VM: OpenJDK 64-Bit Server VM Temurin-21.0.11+10 (21.0.11+10-LTS, mixed mode, sharing, tiered, compressed oops, compressed class ptrs, parallel gc, windows-amd64)
GC Precious Log:
 CardTable entry size: 512
 CPUs: 8 total, 8 available
 Memory: 8097M
 Large Page Support: Disabled
 NUMA Support: Disabled
 Compressed Oops: Enabled (32-bit)
 Alignments: Space 512K, Generation 512K, Heap 2M
 Heap Min Capacity: 100M
 Heap Initial Capacity: 100M
 Heap Max Capacity: 2G
 Pre-touch: Disabled
 Parallel Workers: 8
Heap:
 PSYoungGen      total 3072K, used 2091K [0x00000000d5580000, 0x00000000d5980000, 0x0000000100000000)
  eden space 2560K, 71% used [0x00000000d5580000,0x00000000d574afe8,0x00000000d5800000)
  from space 512K, 50% used [0x00000000d5900000,0x00000000d5940000,0x00000000d5980000)
  to   space 512K, 0% used [0x00000000d5880000,0x00000000d5880000,0x00000000d5900000)
 ParOldGen       total 217600K, used 216841K [0x0000000080000000, 0x000000008d480000, 0x00000000d5580000)
  object space 217600K, 99% used [0x0000000080000000,0x000000008d3c2760,0x000000008d480000)
 Metaspace       used 69293K, committed 70848K, reserved 1114112K
  class space    used 7381K, committed 8064K, reserved 1048576K
GC Heap History (20 events):
Event: 92.585 GC heap before
{Heap before GC invocations=272 (full 3):
 PSYoungGen      total 3072K, used 2966K [0x00000000d5580000, 0x00000000d5980000, 0x0000000100000000)
  eden space 2560K, 99% used [0x00000000d5580000,0x00000000d57fd728,0x00000000d5800000)
  from space 512K, 81% used [0x00000000d5900000,0x00000000d5968488,0x00000000d5980000)
  to   space 512K, 0% used [0x00000000d5880000,0x00000000d5880000,0x00000000d5900000)
 ParOldGen       total 211456K, used 210960K [0x0000000080000000, 0x000000008ce80000, 0x00000000d5580000)
  object space 211456K, 99% used [0x0000000080000000,0x000000008ce04048,0x000000008ce80000)
 Metaspace       used 68284K, committed 69760K, reserved 1114112K
  class space    used 7257K, committed 7936K, reserved 1048576K
}
Event: 92.588 GC heap after
{Heap after GC invocations=272 (full 3):
 PSYoungGen      total 3072K, used 367K [0x00000000d5580000, 0x00000000d5980000, 0x0000000100000000)
  eden space 2560K, 0% used [0x00000000d5580000,0x00000000d5580000,0x00000000d5800000)
  from space 512K, 71% used [0x00000000d5880000,0x00000000d58dbd98,0x00000000d5900000)
  to   space 512K, 0% used [0x00000000d5900000,0x00000000d5900000,0x00000000d5980000)
 ParOldGen       total 215552K, used 214313K [0x0000000080000000, 0x000000008d280000, 0x00000000d5580000)
  object space 215552K, 99% used [0x0000000080000000,0x000000008d14a720,0x000000008d280000)
 Metaspace       used 68284K, committed 69760K, reserved 1114112K
  class space    used 7257K, committed 7936K, reserved 1048576K
}
Event: 92.657 GC heap before
{Heap before GC invocations=273 (full 3):
 PSYoungGen      total 3072K, used 2927K [0x00000000d5580000, 0x00000000d5980000, 0x0000000100000000)
  eden space 2560K, 100% used [0x00000000d5580000,0x00000000d5800000,0x00000000d5800000)
  from space 512K, 71% used [0x00000000d5880000,0x00000000d58dbd98,0x00000000d5900000)
  to   space 512K, 0% used [0x00000000d5900000,0x00000000d5900000,0x00000000d5980000)
 ParOldGen       total 215552K, used 214313K [0x0000000080000000, 0x000000008d280000, 0x00000000d5580000)
  object space 215552K, 99% used [0x0000000080000000,0x000000008d14a720,0x000000008d280000)
 Metaspace       used 68285K, committed 69760K, reserved 1114112K
  class space    used 7257K, committed 7936K, reserved 1048576K
}
Event: 92.658 GC heap after
{Heap after GC invocations=273 (full 3):
 PSYoungGen      total 3072K, used 256K [0x00000000d5580000, 0x00000000d5980000, 0x0000000100000000)
  eden space 2560K, 0% used [0x00000000d5580000,0x00000000d5580000,0x00000000d5800000)
  from space 512K, 50% used [0x00000000d5900000,0x00000000d5940000,0x00000000d5980000)
  to   space 512K, 0% used [0x00000000d5880000,0x00000000d5880000,0x00000000d5900000)
 ParOldGen       total 215552K, used 214361K [0x0000000080000000, 0x000000008d280000, 0x00000000d5580000)
  object space 215552K, 99% used [0x0000000080000000,0x000000008d156720,0x000000008d280000)
 Metaspace       used 68285K, committed 69760K, reserved 1114112K
  class space    used 7257K, committed 7936K, reserved 1048576K
}
Event: 92.724 GC heap before
{Heap before GC invocations=274 (full 3):
 PSYoungGen      total 3072K, used 2809K [0x00000000d5580000, 0x00000000d5980000, 0x0000000100000000)
  eden space 2560K, 99% used [0x00000000d5580000,0x00000000d57fe4b8,0x00000000d5800000)
  from space 512K, 50% used [0x00000000d5900000,0x00000000d5940000,0x00000000d5980000)
  to   space 512K, 0% used [0x00000000d5880000,0x00000000d5880000,0x00000000d5900000)
 ParOldGen       total 217600K, used 215918K [0x0000000080000000, 0x000000008d480000, 0x00000000d5580000)
  object space 217600K, 99% used [0x0000000080000000,0x000000008d2db848,0x000000008d480000)
 Metaspace       used 68342K, committed 69824K, reserved 1114112K
  class space    used 7267K, committed 7936K, reserved 1048576K
}
Event: 92.727 GC heap after
{Heap after GC invocations=274 (full 3):
 PSYoungGen      total 3072K, used 128K [0x00000000d5580000, 0x00000000d5980000, 0x0000000100000000)
  eden space 2560K, 0% used [0x00000000d5580000,0x00000000d5580000,0x00000000d5800000)
  from space 512K, 25% used [0x00000000d5880000,0x00000000d58a0000,0x00000000d5900000)
  to   space 512K, 0% used [0x00000000d5900000,0x00000000d5900000,0x00000000d5980000)
 ParOldGen       total 217600K, used 215958K [0x0000000080000000, 0x000000008d480000, 0x00000000d5580000)
  object space 217600K, 99% used [0x0000000080000000,0x000000008d2e5848,0x000000008d480000)
 Metaspace       used 68342K, committed 69824K, reserved 1114112K
  class space    used 7267K, committed 7936K, reserved 1048576K
}
Event: 93.502 GC heap before
{Heap before GC invocations=275 (full 3):
 PSYoungGen      total 3072K, used 2688K [0x00000000d5580000, 0x00000000d5980000, 0x0000000100000000)
  eden space 2560K, 100% used [0x00000000d5580000,0x00000000d5800000,0x00000000d5800000)
  from space 512K, 25% used [0x00000000d5880000,0x00000000d58a0000,0x00000000d5900000)
  to   space 512K, 0% used [0x00000000d5900000,0x00000000d5900000,0x00000000d5980000)
 ParOldGen       total 217600K, used 215958K [0x0000000080000000, 0x000000008d480000, 0x00000000d5580000)
  object space 217600K, 99% used [0x0000000080000000,0x000000008d2e5848,0x000000008d480000)
 Metaspace       used 68367K, committed 69888K, reserved 1114112K
  class space    used 7267K, committed 7936K, reserved 1048576K
}
Event: 93.504 GC heap after
{Heap after GC invocations=275 (full 3):
 PSYoungGen      total 3072K, used 192K [0x00000000d5580000, 0x00000000d5980000, 0x0000000100000000)
  eden space 2560K, 0% used [0x00000000d5580000,0x00000000d5580000,0x00000000d5800000)
  from space 512K, 37% used [0x00000000d5900000,0x00000000d5930000,0x00000000d5980000)
  to   space 512K, 0% used [0x00000000d5880000,0x00000000d5880000,0x00000000d5900000)
 ParOldGen       total 217600K, used 216038K [0x0000000080000000, 0x000000008d480000, 0x00000000d5580000)
  object space 217600K, 99% used [0x0000000080000000,0x000000008d2f9848,0x000000008d480000)
 Metaspace       used 68367K, committed 69888K, reserved 1114112K
  class space    used 7267K, committed 7936K, reserved 1048576K
}
Event: 94.143 GC heap before
{Heap before GC invocations=276 (full 3):
 PSYoungGen      total 3072K, used 2752K [0x00000000d5580000, 0x00000000d5980000, 0x0000000100000000)
  eden space 2560K, 100% used [0x00000000d5580000,0x00000000d5800000,0x00000000d5800000)
  from space 512K, 37% used [0x00000000d5900000,0x00000000d5930000,0x00000000d5980000)
  to   space 512K, 0% used [0x00000000d5880000,0x00000000d5880000,0x00000000d5900000)
 ParOldGen       total 217600K, used 216038K [0x0000000080000000, 0x000000008d480000, 0x00000000d5580000)
  object space 217600K, 99% used [0x0000000080000000,0x000000008d2f9848,0x000000008d480000)
 Metaspace       used 68421K, committed 69888K, reserved 1114112K
  class space    used 7270K, committed 7936K, reserved 1048576K
}
Event: 94.146 GC heap after
{Heap after GC invocations=276 (full 3):
 PSYoungGen      total 3072K, used 288K [0x00000000d5580000, 0x00000000d5980000, 0x0000000100000000)
  eden space 2560K, 0% used [0x00000000d5580000,0x00000000d5580000,0x00000000d5800000)
  from space 512K, 56% used [0x00000000d5880000,0x00000000d58c8000,0x00000000d5900000)
  to   space 512K, 0% used [0x00000000d5900000,0x00000000d5900000,0x00000000d5980000)
 ParOldGen       total 217600K, used 216086K [0x0000000080000000, 0x000000008d480000, 0x00000000d5580000)
  object space 217600K, 99% used [0x0000000080000000,0x000000008d305848,0x000000008d480000)
 Metaspace       used 68421K, committed 69888K, reserved 1114112K
  class space    used 7270K, committed 7936K, reserved 1048576K
}
Event: 94.416 GC heap before
{Heap before GC invocations=277 (full 3):
 PSYoungGen      total 3072K, used 2844K [0x00000000d5580000, 0x00000000d5980000, 0x0000000100000000)
  eden space 2560K, 99% used [0x00000000d5580000,0x00000000d57ff260,0x00000000d5800000)
  from space 512K, 56% used [0x00000000d5880000,0x00000000d58c8000,0x00000000d5900000)
  to   space 512K, 0% used [0x00000000d5900000,0x00000000d5900000,0x00000000d5980000)
 ParOldGen       total 217600K, used 216086K [0x0000000080000000, 0x000000008d480000, 0x00000000d5580000)
  object space 217600K, 99% used [0x0000000080000000,0x000000008d305848,0x000000008d480000)
 Metaspace       used 68597K, committed 70144K, reserved 1114112K
  class space    used 7287K, committed 7936K, reserved 1048576K
}
Event: 94.419 GC heap after
{Heap after GC invocations=277 (full 3):
 PSYoungGen      total 3072K, used 384K [0x00000000d5580000, 0x00000000d5980000, 0x0000000100000000)
  eden space 2560K, 0% used [0x00000000d5580000,0x00000000d5580000,0x00000000d5800000)
  from space 512K, 75% used [0x00000000d5900000,0x00000000d5960000,0x00000000d5980000)
  to   space 512K, 0% used [0x00000000d5880000,0x00000000d5880000,0x00000000d5900000)
 ParOldGen       total 217600K, used 216214K [0x0000000080000000, 0x000000008d480000, 0x00000000d5580000)
  object space 217600K, 99% used [0x0000000080000000,0x000000008d325848,0x000000008d480000)
 Metaspace       used 68597K, committed 70144K, reserved 1114112K
  class space    used 7287K, committed 7936K, reserved 1048576K
}
Event: 94.574 GC heap before
{Heap before GC invocations=278 (full 3):
 PSYoungGen      total 3072K, used 2942K [0x00000000d5580000, 0x00000000d5980000, 0x0000000100000000)
  eden space 2560K, 99% used [0x00000000d5580000,0x00000000d57ffa48,0x00000000d5800000)
  from space 512K, 75% used [0x00000000d5900000,0x00000000d5960000,0x00000000d5980000)
  to   space 512K, 0% used [0x00000000d5880000,0x00000000d5880000,0x00000000d5900000)
 ParOldGen       total 217600K, used 216214K [0x0000000080000000, 0x000000008d480000, 0x00000000d5580000)
  object space 217600K, 99% used [0x0000000080000000,0x000000008d325848,0x000000008d480000)
 Metaspace       used 68857K, committed 70400K, reserved 1114112K
  class space    used 7323K, committed 8000K, reserved 1048576K
}
Event: 94.576 GC heap after
{Heap after GC invocations=278 (full 3):
 PSYoungGen      total 3072K, used 352K [0x00000000d5580000, 0x00000000d5980000, 0x0000000100000000)
  eden space 2560K, 0% used [0x00000000d5580000,0x00000000d5580000,0x00000000d5800000)
  from space 512K, 68% used [0x00000000d5880000,0x00000000d58d8000,0x00000000d5900000)
  to   space 512K, 0% used [0x00000000d5900000,0x00000000d5900000,0x00000000d5980000)
 ParOldGen       total 217600K, used 216350K [0x0000000080000000, 0x000000008d480000, 0x00000000d5580000)
  object space 217600K, 99% used [0x0000000080000000,0x000000008d347848,0x000000008d480000)
 Metaspace       used 68857K, committed 70400K, reserved 1114112K
  class space    used 7323K, committed 8000K, reserved 1048576K
}
Event: 94.740 GC heap before
{Heap before GC invocations=279 (full 3):
 PSYoungGen      total 3072K, used 2912K [0x00000000d5580000, 0x00000000d5980000, 0x0000000100000000)
  eden space 2560K, 100% used [0x00000000d5580000,0x00000000d5800000,0x00000000d5800000)
  from space 512K, 68% used [0x00000000d5880000,0x00000000d58d8000,0x00000000d5900000)
  to   space 512K, 0% used [0x00000000d5900000,0x00000000d5900000,0x00000000d5980000)
 ParOldGen       total 217600K, used 216350K [0x0000000080000000, 0x000000008d480000, 0x00000000d5580000)
  object space 217600K, 99% used [0x0000000080000000,0x000000008d347848,0x000000008d480000)
 Metaspace       used 69002K, committed 70528K, reserved 1114112K
  class space    used 7343K, committed 8000K, reserved 1048576K
}
Event: 94.742 GC heap after
{Heap after GC invocations=279 (full 3):
 PSYoungGen      total 3072K, used 288K [0x00000000d5580000, 0x00000000d5980000, 0x0000000100000000)
  eden space 2560K, 0% used [0x00000000d5580000,0x00000000d5580000,0x00000000d5800000)
  from space 512K, 56% used [0x00000000d5900000,0x00000000d5948000,0x00000000d5980000)
  to   space 512K, 0% used [0x00000000d5880000,0x00000000d5880000,0x00000000d5900000)
 ParOldGen       total 217600K, used 216486K [0x0000000080000000, 0x000000008d480000, 0x00000000d5580000)
  object space 217600K, 99% used [0x0000000080000000,0x000000008d369988,0x000000008d480000)
 Metaspace       used 69002K, committed 70528K, reserved 1114112K
  class space    used 7343K, committed 8000K, reserved 1048576K
}
Event: 94.867 GC heap before
{Heap before GC invocations=280 (full 3):
 PSYoungGen      total 3072K, used 2846K [0x00000000d5580000, 0x00000000d5980000, 0x0000000100000000)
  eden space 2560K, 99% used [0x00000000d5580000,0x00000000d57ff9d0,0x00000000d5800000)
  from space 512K, 56% used [0x00000000d5900000,0x00000000d5948000,0x00000000d5980000)
  to   space 512K, 0% used [0x00000000d5880000,0x00000000d5880000,0x00000000d5900000)
 ParOldGen       total 217600K, used 216486K [0x0000000080000000, 0x000000008d480000, 0x00000000d5580000)
  object space 217600K, 99% used [0x0000000080000000,0x000000008d369988,0x000000008d480000)
 Metaspace       used 69116K, committed 70720K, reserved 1114112K
  class space    used 7362K, committed 8064K, reserved 1048576K
}
Event: 94.871 GC heap after
{Heap after GC invocations=280 (full 3):
 PSYoungGen      total 3072K, used 256K [0x00000000d5580000, 0x00000000d5980000, 0x0000000100000000)
  eden space 2560K, 0% used [0x00000000d5580000,0x00000000d5580000,0x00000000d5800000)
  from space 512K, 50% used [0x00000000d5880000,0x00000000d58c0000,0x00000000d5900000)
  to   space 512K, 0% used [0x00000000d5900000,0x00000000d5900000,0x00000000d5980000)
 ParOldGen       total 217600K, used 216681K [0x0000000080000000, 0x000000008d480000, 0x00000000d5580000)
  object space 217600K, 99% used [0x0000000080000000,0x000000008d39a760,0x000000008d480000)
 Metaspace       used 69116K, committed 70720K, reserved 1114112K
  class space    used 7362K, committed 8064K, reserved 1048576K
}
Event: 94.985 GC heap before
{Heap before GC invocations=281 (full 3):
 PSYoungGen      total 3072K, used 2816K [0x00000000d5580000, 0x00000000d5980000, 0x0000000100000000)
  eden space 2560K, 100% used [0x00000000d5580000,0x00000000d5800000,0x00000000d5800000)
  from space 512K, 50% used [0x00000000d5880000,0x00000000d58c0000,0x00000000d5900000)
  to   space 512K, 0% used [0x00000000d5900000,0x00000000d5900000,0x00000000d5980000)
 ParOldGen       total 217600K, used 216681K [0x0000000080000000, 0x000000008d480000, 0x00000000d5580000)
  object space 217600K, 99% used [0x0000000080000000,0x000000008d39a760,0x000000008d480000)
 Metaspace       used 69206K, committed 70784K, reserved 1114112K
  class space    used 7377K, committed 8064K, reserved 1048576K
}
Event: 94.987 GC heap after
{Heap after GC invocations=281 (full 3):
 PSYoungGen      total 3072K, used 256K [0x00000000d5580000, 0x00000000d5980000, 0x0000000100000000)
  eden space 2560K, 0% used [0x00000000d5580000,0x00000000d5580000,0x00000000d5800000)
  from space 512K, 50% used [0x00000000d5900000,0x00000000d5940000,0x00000000d5980000)
  to   space 512K, 0% used [0x00000000d5880000,0x00000000d5880000,0x00000000d5900000)
 ParOldGen       total 217600K, used 216841K [0x0000000080000000, 0x000000008d480000, 0x00000000d5580000)
  object space 217600K, 99% used [0x0000000080000000,0x000000008d3c2760,0x000000008d480000)
 Metaspace       used 69206K, committed 70784K, reserved 1114112K
  class space    used 7377K, committed 8064K, reserved 1048576K
}

